Fetching packages ...
expat-2.1.0-vc 100% |###############################| Time: 0:00:00 584.40 kB/s
geos-3.4.2-vc9 100% |###############################| Time: 0:00:00   9.04 MB/s
jpeg-9b-vc9_0. 100% |###############################| Time: 0:00:00   1.93 MB/s
libiconv-1.14- 100% |###############################| Time: 0:00:00   2.38 MB/s
sqlite-3.13.0- 100% |###############################| Time: 0:00:00   2.51 MB/s
vc-9-0.tar.bz2 100% |###############################| Time: 0:00:00   0.00  B/s
xerces-c-3.1.4 100% |###############################| Time: 0:00:00   3.38 MB/s
conda-env-2.5. 100% |###############################| Time: 0:00:00 869.04 kB/s
freexl-1.0.2-v 100% |###############################| Time: 0:00:00 970.23 kB/s
hdf4-4.2.12-vc 100% |###############################| Time: 0:00:00   2.87 MB/s
hdf5-1.8.17-vc 100% |###############################| Time: 0:00:01  11.87 MB/s
libpq-9.5.4-vc 100% |###############################| Time: 0:00:00 969.96 kB/s
libtiff-4.0.6- 100% |###############################| Time: 0:00:00   2.39 MB/s
libxml2-2.9.4- 100% |###############################| Time: 0:00:00   6.78 MB/s
proj.4-4.9.2-p 100% |###############################| Time: 0:00:01  10.58 MB/s
conda-4.1.11-p 100% |###############################| Time: 0:00:00   1.51 MB/s
kealib-1.4.6-v 100% |###############################| Time: 0:00:00   1.21 MB/s
libnetcdf-4.4. 100% |###############################| Time: 0:00:00   2.20 MB/s
libspatialite- 100% |###############################| Time: 0:00:00   9.81 MB/s
openjpeg-2.1.0 100% |###############################| Time: 0:00:00   2.09 MB/s
gdal-2.1.1-np1 100% |###############################| Time: 0:00:02  17.67 MB/s
Extracting packages ...
[      COMPLETE      ]|##################################################| 100%
Unlinking packages ...
[      COMPLETE      ]|##################################################| 100%
Linking packages ...
PaddingError: Placeholder of length '20' too short in package conda-forge::hdf5-
1.8.17-vc9_3.
The package must be rebuilt with conda-build > 2.0.
